2025-09-02 22:34:40,500 [INFO] __main__ - fetch_expenses_for_date called with 2024-08-15
2025-09-02 22:34:40,500 [INFO] __main__ - Attempting database connection...
2025-09-02 22:34:40,596 [INFO] __main__ - \u2705 Connection successful
2025-09-02 22:34:40,596 [INFO] __main__ - Opening cursor...
2025-09-02 22:34:40,597 [INFO] __main__ - Fetched 1 expenses for 2024-08-15
2025-09-02 22:34:40,597 [INFO] __main__ - Cursor closed
2025-09-02 22:34:40,598 [INFO] __main__ - \U0001f512 Connection closed
2025-09-03 12:41:22,170 [INFO] db_helper - fetch_expenses_for_date called with 2024-08-01
2025-09-03 12:41:22,170 [INFO] db_helper - Attempting database connection...
2025-09-03 12:41:22,300 [INFO] db_helper - \u2705 Connection successful
2025-09-03 12:41:22,300 [INFO] db_helper - Opening cursor...
2025-09-03 12:41:22,331 [INFO] db_helper - Fetched 4 expenses for 2024-08-01
2025-09-03 12:41:22,332 [INFO] db_helper - Cursor closed
2025-09-03 12:41:22,332 [INFO] db_helper - \U0001f512 Connection closed
2025-09-03 12:45:36,833 [INFO] db_helper - fetch_expenses_for_date called with 2024-08-01
2025-09-03 12:45:36,833 [INFO] db_helper - Attempting database connection...
2025-09-03 12:45:36,843 [INFO] db_helper - \u2705 Connection successful
2025-09-03 12:45:36,843 [INFO] db_helper - Opening cursor...
2025-09-03 12:45:36,844 [INFO] db_helper - Fetched 4 expenses for 2024-08-01
2025-09-03 12:45:36,845 [INFO] db_helper - Cursor closed
2025-09-03 12:45:36,845 [INFO] db_helper - \U0001f512 Connection closed
2025-09-03 12:45:47,008 [INFO] db_helper - fetch_expenses_for_date called with 2026-08-01
2025-09-03 12:45:47,008 [INFO] db_helper - Attempting database connection...
2025-09-03 12:45:47,019 [INFO] db_helper - \u2705 Connection successful
2025-09-03 12:45:47,019 [INFO] db_helper - Opening cursor...
2025-09-03 12:45:47,020 [INFO] db_helper - Fetched 0 expenses for 2026-08-01
2025-09-03 12:45:47,020 [INFO] db_helper - Cursor closed
2025-09-03 12:45:47,021 [INFO] db_helper - \U0001f512 Connection closed
2025-09-03 12:45:56,611 [INFO] db_helper - fetch_expenses_for_date called with 2024-08-01
2025-09-03 12:45:56,611 [INFO] db_helper - Attempting database connection...
2025-09-03 12:45:56,618 [INFO] db_helper - \u2705 Connection successful
2025-09-03 12:45:56,618 [INFO] db_helper - Opening cursor...
2025-09-03 12:45:56,619 [INFO] db_helper - Fetched 4 expenses for 2024-08-01
2025-09-03 12:45:56,620 [INFO] db_helper - Cursor closed
2025-09-03 12:45:56,620 [INFO] db_helper - \U0001f512 Connection closed
2025-09-03 13:11:24,160 [INFO] db_helper - fetch_expenses_for_date called with 2024-08-01
2025-09-03 13:11:24,160 [INFO] db_helper - Attempting database connection...
2025-09-03 13:11:24,170 [INFO] db_helper - \u2705 Connection successful
2025-09-03 13:11:24,170 [INFO] db_helper - Opening cursor...
2025-09-03 13:11:24,171 [INFO] db_helper - Fetched 4 expenses for 2024-08-01
2025-09-03 13:11:24,171 [INFO] db_helper - Cursor closed
2025-09-03 13:11:24,172 [INFO] db_helper - \U0001f512 Connection closed
2025-09-03 13:11:37,414 [INFO] db_helper - fetch_expenses_for_date called with 2024-08-01
2025-09-03 13:11:37,414 [INFO] db_helper - Attempting database connection...
2025-09-03 13:11:37,422 [INFO] db_helper - \u2705 Connection successful
2025-09-03 13:11:37,422 [INFO] db_helper - Opening cursor...
2025-09-03 13:11:37,423 [INFO] db_helper - Fetched 4 expenses for 2024-08-01
2025-09-03 13:11:37,423 [INFO] db_helper - Cursor closed
2025-09-03 13:11:37,424 [INFO] db_helper - \U0001f512 Connection closed
2025-09-03 13:12:07,193 [INFO] db_helper - fetch_expenses_for_date called with 2024-08-01
2025-09-03 13:12:07,194 [INFO] db_helper - Attempting database connection...
2025-09-03 13:12:07,203 [INFO] db_helper - \u2705 Connection successful
2025-09-03 13:12:07,203 [INFO] db_helper - Opening cursor...
2025-09-03 13:12:07,205 [INFO] db_helper - Fetched 4 expenses for 2024-08-01
2025-09-03 13:12:07,205 [INFO] db_helper - Cursor closed
2025-09-03 13:12:07,205 [INFO] db_helper - \U0001f512 Connection closed
2025-09-03 13:12:40,902 [INFO] db_helper - fetch_expenses_for_date called with 2024-08-01
2025-09-03 13:12:40,902 [INFO] db_helper - Attempting database connection...
2025-09-03 13:12:40,911 [INFO] db_helper - \u2705 Connection successful
2025-09-03 13:12:40,911 [INFO] db_helper - Opening cursor...
2025-09-03 13:12:40,912 [INFO] db_helper - Fetched 4 expenses for 2024-08-01
2025-09-03 13:12:40,912 [INFO] db_helper - Cursor closed
2025-09-03 13:12:40,913 [INFO] db_helper - \U0001f512 Connection closed
2025-09-03 13:15:02,825 [INFO] db_helper - fetch_expenses_for_date called with 2024-08-01
2025-09-03 13:15:02,825 [INFO] db_helper - Attempting database connection...
2025-09-03 13:15:02,835 [INFO] db_helper - \u2705 Connection successful
2025-09-03 13:15:02,836 [INFO] db_helper - Opening cursor...
2025-09-03 13:15:02,837 [INFO] db_helper - Fetched 4 expenses for 2024-08-01
2025-09-03 13:15:02,837 [INFO] db_helper - Cursor closed
2025-09-03 13:15:02,838 [INFO] db_helper - \U0001f512 Connection closed
2025-09-03 13:15:18,712 [INFO] db_helper - fetch_expenses_for_date called with 2024-08-01
2025-09-03 13:15:18,712 [INFO] db_helper - Attempting database connection...
2025-09-03 13:15:18,723 [INFO] db_helper - \u2705 Connection successful
2025-09-03 13:15:18,723 [INFO] db_helper - Opening cursor...
2025-09-03 13:15:18,724 [INFO] db_helper - Fetched 4 expenses for 2024-08-01
2025-09-03 13:15:18,725 [INFO] db_helper - Cursor closed
2025-09-03 13:15:18,725 [INFO] db_helper - \U0001f512 Connection closed
2025-09-03 13:15:31,945 [INFO] db_helper - fetch_expenses_for_date called with 2024-08-01
2025-09-03 13:15:31,945 [INFO] db_helper - Attempting database connection...
2025-09-03 13:15:31,954 [INFO] db_helper - \u2705 Connection successful
2025-09-03 13:15:31,955 [INFO] db_helper - Opening cursor...
2025-09-03 13:15:31,956 [INFO] db_helper - Fetched 4 expenses for 2024-08-01
2025-09-03 13:15:31,957 [INFO] db_helper - Cursor closed
2025-09-03 13:15:31,957 [INFO] db_helper - \U0001f512 Connection closed
2025-09-03 13:17:00,745 [INFO] db_helper - fetch_expenses_for_date called with 2024-08-01
2025-09-03 13:17:00,745 [INFO] db_helper - Attempting database connection...
2025-09-03 13:17:00,753 [INFO] db_helper - \u2705 Connection successful
2025-09-03 13:17:00,754 [INFO] db_helper - Opening cursor...
2025-09-03 13:17:00,755 [INFO] db_helper - Fetched 4 expenses for 2024-08-01
2025-09-03 13:17:00,755 [INFO] db_helper - Cursor closed
2025-09-03 13:17:00,755 [INFO] db_helper - \U0001f512 Connection closed
2025-09-03 13:17:25,955 [INFO] db_helper - fetch_expenses_for_date called with 2024-08-01
2025-09-03 13:17:25,955 [INFO] db_helper - Attempting database connection...
2025-09-03 13:17:25,964 [INFO] db_helper - \u2705 Connection successful
2025-09-03 13:17:25,964 [INFO] db_helper - Opening cursor...
2025-09-03 13:17:25,965 [INFO] db_helper - Fetched 4 expenses for 2024-08-01
2025-09-03 13:17:25,965 [INFO] db_helper - Cursor closed
2025-09-03 13:17:25,965 [INFO] db_helper - \U0001f512 Connection closed
2025-09-03 13:17:39,162 [INFO] db_helper - fetch_expenses_for_date called with 2024-08-01
2025-09-03 13:17:39,162 [INFO] db_helper - Attempting database connection...
2025-09-03 13:17:39,174 [INFO] db_helper - \u2705 Connection successful
2025-09-03 13:17:39,174 [INFO] db_helper - Opening cursor...
2025-09-03 13:17:39,176 [INFO] db_helper - Fetched 4 expenses for 2024-08-01
2025-09-03 13:17:39,176 [INFO] db_helper - Cursor closed
2025-09-03 13:17:39,177 [INFO] db_helper - \U0001f512 Connection closed
2025-09-03 13:18:37,103 [INFO] db_helper - fetch_expenses_for_date called with 2024-08-01
2025-09-03 13:18:37,103 [INFO] db_helper - Attempting database connection...
2025-09-03 13:18:37,111 [INFO] db_helper - \u2705 Connection successful
2025-09-03 13:18:37,112 [INFO] db_helper - Opening cursor...
2025-09-03 13:18:37,113 [INFO] db_helper - Fetched 4 expenses for 2024-08-01
2025-09-03 13:18:37,113 [INFO] db_helper - Cursor closed
2025-09-03 13:18:37,114 [INFO] db_helper - \U0001f512 Connection closed
2025-09-03 13:18:46,113 [INFO] db_helper - fetch_expenses_for_date called with 2024-08-01
2025-09-03 13:18:46,114 [INFO] db_helper - Attempting database connection...
2025-09-03 13:18:46,125 [INFO] db_helper - \u2705 Connection successful
2025-09-03 13:18:46,125 [INFO] db_helper - Opening cursor...
2025-09-03 13:18:46,126 [INFO] db_helper - Fetched 4 expenses for 2024-08-01
2025-09-03 13:18:46,127 [INFO] db_helper - Cursor closed
2025-09-03 13:18:46,127 [INFO] db_helper - \U0001f512 Connection closed
2025-09-03 13:18:59,743 [INFO] db_helper - fetch_expenses_for_date called with 2024-08-01
2025-09-03 13:18:59,743 [INFO] db_helper - Attempting database connection...
2025-09-03 13:18:59,759 [INFO] db_helper - \u2705 Connection successful
2025-09-03 13:18:59,759 [INFO] db_helper - Opening cursor...
2025-09-03 13:18:59,761 [INFO] db_helper - Fetched 4 expenses for 2024-08-01
2025-09-03 13:18:59,761 [INFO] db_helper - Cursor closed
2025-09-03 13:18:59,762 [INFO] db_helper - \U0001f512 Connection closed
2025-09-03 13:19:09,941 [INFO] db_helper - fetch_expenses_for_date called with 2024-08-01
2025-09-03 13:19:09,942 [INFO] db_helper - Attempting database connection...
2025-09-03 13:19:09,950 [INFO] db_helper - \u2705 Connection successful
2025-09-03 13:19:09,951 [INFO] db_helper - Opening cursor...
2025-09-03 13:19:09,952 [INFO] db_helper - Fetched 4 expenses for 2024-08-01
2025-09-03 13:19:09,952 [INFO] db_helper - Cursor closed
2025-09-03 13:19:09,953 [INFO] db_helper - \U0001f512 Connection closed
2025-09-03 13:19:15,983 [INFO] db_helper - fetch_expenses_for_date called with 2024-08-01
2025-09-03 13:19:15,983 [INFO] db_helper - Attempting database connection...
2025-09-03 13:19:15,994 [INFO] db_helper - \u2705 Connection successful
2025-09-03 13:19:15,995 [INFO] db_helper - Opening cursor...
2025-09-03 13:19:15,996 [INFO] db_helper - Fetched 4 expenses for 2024-08-01
2025-09-03 13:19:15,996 [INFO] db_helper - Cursor closed
2025-09-03 13:19:15,997 [INFO] db_helper - \U0001f512 Connection closed
2025-09-03 13:19:24,636 [INFO] db_helper - fetch_expenses_for_date called with 2024-08-01
2025-09-03 13:19:24,636 [INFO] db_helper - Attempting database connection...
2025-09-03 13:19:24,644 [INFO] db_helper - \u2705 Connection successful
2025-09-03 13:19:24,645 [INFO] db_helper - Opening cursor...
2025-09-03 13:19:24,646 [INFO] db_helper - Fetched 4 expenses for 2024-08-01
2025-09-03 13:19:24,646 [INFO] db_helper - Cursor closed
2025-09-03 13:19:24,647 [INFO] db_helper - \U0001f512 Connection closed
2025-09-03 13:20:00,419 [INFO] db_helper - fetch_expenses_for_date called with 2024-08-01
2025-09-03 13:20:00,419 [INFO] db_helper - Attempting database connection...
2025-09-03 13:20:00,428 [INFO] db_helper - \u2705 Connection successful
2025-09-03 13:20:00,429 [INFO] db_helper - Opening cursor...
2025-09-03 13:20:00,430 [INFO] db_helper - Fetched 4 expenses for 2024-08-01
2025-09-03 13:20:00,430 [INFO] db_helper - Cursor closed
2025-09-03 13:20:00,430 [INFO] db_helper - \U0001f512 Connection closed
2025-09-03 13:20:59,706 [INFO] db_helper - fetch_expenses_for_date called with 2024-08-01
2025-09-03 13:20:59,706 [INFO] db_helper - Attempting database connection...
2025-09-03 13:20:59,721 [INFO] db_helper - \u2705 Connection successful
2025-09-03 13:20:59,721 [INFO] db_helper - Opening cursor...
2025-09-03 13:20:59,722 [INFO] db_helper - Fetched 4 expenses for 2024-08-01
2025-09-03 13:20:59,722 [INFO] db_helper - Cursor closed
2025-09-03 13:20:59,722 [INFO] db_helper - \U0001f512 Connection closed
2025-09-03 13:21:43,555 [INFO] db_helper - fetch_expenses_for_date called with 2024-08-01
2025-09-03 13:21:43,555 [INFO] db_helper - Attempting database connection...
2025-09-03 13:21:43,563 [INFO] db_helper - \u2705 Connection successful
2025-09-03 13:21:43,563 [INFO] db_helper - Opening cursor...
2025-09-03 13:21:43,564 [INFO] db_helper - Fetched 4 expenses for 2024-08-01
2025-09-03 13:21:43,564 [INFO] db_helper - Cursor closed
2025-09-03 13:21:43,564 [INFO] db_helper - \U0001f512 Connection closed
2025-09-03 14:36:45,951 [INFO] db_helper - fetch_expenses_for_date called with 2024-08-01
2025-09-03 14:36:45,951 [INFO] db_helper - Attempting database connection...
2025-09-03 14:36:45,965 [INFO] db_helper - \u2705 Connection successful
2025-09-03 14:36:45,965 [INFO] db_helper - Opening cursor...
2025-09-03 14:36:45,966 [INFO] db_helper - Fetched 4 expenses for 2024-08-01
2025-09-03 14:36:45,966 [INFO] db_helper - Cursor closed
2025-09-03 14:36:45,967 [INFO] db_helper - \U0001f512 Connection closed
2025-09-03 14:36:50,365 [INFO] db_helper - fetch_expenses_for_date called with 2024-08-02
2025-09-03 14:36:50,365 [INFO] db_helper - Attempting database connection...
2025-09-03 14:36:50,373 [INFO] db_helper - \u2705 Connection successful
2025-09-03 14:36:50,373 [INFO] db_helper - Opening cursor...
2025-09-03 14:36:50,374 [INFO] db_helper - Fetched 5 expenses for 2024-08-02
2025-09-03 14:36:50,374 [INFO] db_helper - Cursor closed
2025-09-03 14:36:50,375 [INFO] db_helper - \U0001f512 Connection closed
2025-09-03 14:38:27,785 [INFO] db_helper - fetch_expenses_for_date called with 2024-08-01
2025-09-03 14:38:27,785 [INFO] db_helper - Attempting database connection...
2025-09-03 14:38:27,793 [INFO] db_helper - \u2705 Connection successful
2025-09-03 14:38:27,793 [INFO] db_helper - Opening cursor...
2025-09-03 14:38:27,793 [INFO] db_helper - Fetched 4 expenses for 2024-08-01
2025-09-03 14:38:27,794 [INFO] db_helper - Cursor closed
2025-09-03 14:38:27,794 [INFO] db_helper - \U0001f512 Connection closed
2025-09-03 14:40:22,139 [INFO] db_helper - fetch_expenses_for_date called with 2024-08-01
2025-09-03 14:40:22,139 [INFO] db_helper - Attempting database connection...
2025-09-03 14:40:22,151 [INFO] db_helper - \u2705 Connection successful
2025-09-03 14:40:22,151 [INFO] db_helper - Opening cursor...
2025-09-03 14:40:22,152 [INFO] db_helper - Fetched 4 expenses for 2024-08-01
2025-09-03 14:40:22,152 [INFO] db_helper - Cursor closed
2025-09-03 14:40:22,153 [INFO] db_helper - \U0001f512 Connection closed
2025-09-03 16:08:10,127 [INFO] db_helper - fetch_expenses_for_date called with 2024-08-01
2025-09-03 16:08:10,127 [INFO] db_helper - Attempting database connection...
2025-09-03 16:08:10,141 [INFO] db_helper - \u2705 Connection successful
2025-09-03 16:08:10,141 [INFO] db_helper - Opening cursor...
2025-09-03 16:08:10,142 [INFO] db_helper - Fetched 4 expenses for 2024-08-01
2025-09-03 16:08:10,142 [INFO] db_helper - Cursor closed
2025-09-03 16:08:10,143 [INFO] db_helper - \U0001f512 Connection closed
2025-09-03 16:08:57,885 [INFO] db_helper - fetch_expenses_for_date called with 2024-08-01
2025-09-03 16:08:57,886 [INFO] db_helper - Attempting database connection...
2025-09-03 16:08:57,899 [INFO] db_helper - \u2705 Connection successful
2025-09-03 16:08:57,900 [INFO] db_helper - Opening cursor...
2025-09-03 16:08:57,902 [INFO] db_helper - Fetched 4 expenses for 2024-08-01
2025-09-03 16:08:57,902 [INFO] db_helper - Cursor closed
2025-09-03 16:08:57,903 [INFO] db_helper - \U0001f512 Connection closed
2025-09-03 16:09:33,196 [INFO] db_helper - fetch_expenses_for_date called with 2024-08-01
2025-09-03 16:09:33,196 [INFO] db_helper - Attempting database connection...
2025-09-03 16:09:33,205 [INFO] db_helper - \u2705 Connection successful
2025-09-03 16:09:33,205 [INFO] db_helper - Opening cursor...
2025-09-03 16:09:33,207 [INFO] db_helper - Fetched 4 expenses for 2024-08-01
2025-09-03 16:09:33,207 [INFO] db_helper - Cursor closed
2025-09-03 16:09:33,207 [INFO] db_helper - \U0001f512 Connection closed
2025-09-03 16:16:28,695 [INFO] db_helper - fetch_expenses_for_date called with 2024-08-01
2025-09-03 16:16:28,695 [INFO] db_helper - Attempting database connection...
2025-09-03 16:16:28,703 [INFO] db_helper - \u2705 Connection successful
2025-09-03 16:16:28,703 [INFO] db_helper - Opening cursor...
2025-09-03 16:16:28,704 [INFO] db_helper - Fetched 4 expenses for 2024-08-01
2025-09-03 16:16:28,704 [INFO] db_helper - Cursor closed
2025-09-03 16:16:28,705 [INFO] db_helper - \U0001f512 Connection closed
2025-09-03 16:17:26,667 [INFO] db_helper - fetch_expenses_for_date called with 2024-08-01
2025-09-03 16:17:26,667 [INFO] db_helper - Attempting database connection...
2025-09-03 16:17:26,677 [INFO] db_helper - \u2705 Connection successful
2025-09-03 16:17:26,677 [INFO] db_helper - Opening cursor...
2025-09-03 16:17:26,679 [INFO] db_helper - Fetched 4 expenses for 2024-08-01
2025-09-03 16:17:26,679 [INFO] db_helper - Cursor closed
2025-09-03 16:17:26,679 [INFO] db_helper - \U0001f512 Connection closed
2025-09-03 16:18:01,311 [INFO] db_helper - fetch_expenses_for_date called with 2024-08-01
2025-09-03 16:18:01,311 [INFO] db_helper - Attempting database connection...
2025-09-03 16:18:01,323 [INFO] db_helper - \u2705 Connection successful
2025-09-03 16:18:01,324 [INFO] db_helper - Opening cursor...
2025-09-03 16:18:01,325 [INFO] db_helper - Fetched 4 expenses for 2024-08-01
2025-09-03 16:18:01,326 [INFO] db_helper - Cursor closed
2025-09-03 16:18:01,326 [INFO] db_helper - \U0001f512 Connection closed
2025-09-03 16:18:11,077 [INFO] db_helper - fetch_expenses_for_date called with 2024-08-02
2025-09-03 16:18:11,077 [INFO] db_helper - Attempting database connection...
2025-09-03 16:18:11,087 [INFO] db_helper - \u2705 Connection successful
2025-09-03 16:18:11,087 [INFO] db_helper - Opening cursor...
2025-09-03 16:18:11,088 [INFO] db_helper - Fetched 5 expenses for 2024-08-02
2025-09-03 16:18:11,088 [INFO] db_helper - Cursor closed
2025-09-03 16:18:11,089 [INFO] db_helper - \U0001f512 Connection closed
2025-09-03 16:18:51,160 [INFO] db_helper - fetch_expenses_for_date called with 2024-08-01
2025-09-03 16:18:51,161 [INFO] db_helper - Attempting database connection...
2025-09-03 16:18:51,171 [INFO] db_helper - \u2705 Connection successful
2025-09-03 16:18:51,171 [INFO] db_helper - Opening cursor...
2025-09-03 16:18:51,173 [INFO] db_helper - Fetched 4 expenses for 2024-08-01
2025-09-03 16:18:51,173 [INFO] db_helper - Cursor closed
2025-09-03 16:18:51,173 [INFO] db_helper - \U0001f512 Connection closed
2025-09-03 16:21:49,189 [INFO] db_helper - fetch_expenses_for_date called with 2026-08-01
2025-09-03 16:21:49,189 [INFO] db_helper - Attempting database connection...
2025-09-03 16:21:49,199 [INFO] db_helper - \u2705 Connection successful
2025-09-03 16:21:49,199 [INFO] db_helper - Opening cursor...
2025-09-03 16:21:49,200 [INFO] db_helper - Fetched 0 expenses for 2026-08-01
2025-09-03 16:21:49,200 [INFO] db_helper - Cursor closed
2025-09-03 16:21:49,201 [INFO] db_helper - \U0001f512 Connection closed
2025-09-03 16:28:22,593 [INFO] db_helper - fetch_expenses_for_date called with 2026-08-01
2025-09-03 16:28:22,593 [INFO] db_helper - Attempting database connection...
2025-09-03 16:28:22,601 [INFO] db_helper - \u2705 Connection successful
2025-09-03 16:28:22,601 [INFO] db_helper - Opening cursor...
2025-09-03 16:28:22,602 [INFO] db_helper - Fetched 0 expenses for 2026-08-01
2025-09-03 16:28:22,602 [INFO] db_helper - Cursor closed
2025-09-03 16:28:22,602 [INFO] db_helper - \U0001f512 Connection closed
2025-09-03 16:28:33,315 [INFO] db_helper - fetch_expenses_for_date called with 2024-08-01
2025-09-03 16:28:33,315 [INFO] db_helper - Attempting database connection...
2025-09-03 16:28:33,324 [INFO] db_helper - \u2705 Connection successful
2025-09-03 16:28:33,324 [INFO] db_helper - Opening cursor...
2025-09-03 16:28:33,325 [INFO] db_helper - Fetched 4 expenses for 2024-08-01
2025-09-03 16:28:33,325 [INFO] db_helper - Cursor closed
2025-09-03 16:28:33,326 [INFO] db_helper - \U0001f512 Connection closed
2025-09-03 16:35:01,258 [INFO] db_helper - fetch_expenses_for_date called with 2026-08-01
2025-09-03 16:35:01,258 [INFO] db_helper - Attempting database connection...
2025-09-03 16:35:01,264 [INFO] db_helper - \u2705 Connection successful
2025-09-03 16:35:01,264 [INFO] db_helper - Opening cursor...
2025-09-03 16:35:01,265 [INFO] db_helper - Fetched 0 expenses for 2026-08-01
2025-09-03 16:35:01,265 [INFO] db_helper - Cursor closed
2025-09-03 16:35:01,266 [INFO] db_helper - \U0001f512 Connection closed
2025-09-03 16:37:27,236 [INFO] db_helper - fetch_expenses_for_date called with 2026-08-01
2025-09-03 16:37:27,237 [INFO] db_helper - Attempting database connection...
2025-09-03 16:37:27,251 [INFO] db_helper - \u2705 Connection successful
2025-09-03 16:37:27,251 [INFO] db_helper - Opening cursor...
2025-09-03 16:37:27,253 [INFO] db_helper - Fetched 0 expenses for 2026-08-01
2025-09-03 16:37:27,253 [INFO] db_helper - Cursor closed
2025-09-03 16:37:27,254 [INFO] db_helper - \U0001f512 Connection closed
2025-09-03 16:37:34,807 [INFO] db_helper - fetch_expenses_for_date called with 2025-08-01
2025-09-03 16:37:34,808 [INFO] db_helper - Attempting database connection...
2025-09-03 16:37:34,812 [INFO] db_helper - \u2705 Connection successful
2025-09-03 16:37:34,812 [INFO] db_helper - Opening cursor...
2025-09-03 16:37:34,813 [INFO] db_helper - Fetched 0 expenses for 2025-08-01
2025-09-03 16:37:34,813 [INFO] db_helper - Cursor closed
2025-09-03 16:37:34,813 [INFO] db_helper - \U0001f512 Connection closed
2025-09-03 16:38:07,369 [INFO] db_helper - fetch_expenses_for_date called with 2025-08-01
2025-09-03 16:38:07,369 [INFO] db_helper - Attempting database connection...
2025-09-03 16:38:07,379 [INFO] db_helper - \u2705 Connection successful
2025-09-03 16:38:07,379 [INFO] db_helper - Opening cursor...
2025-09-03 16:38:07,380 [INFO] db_helper - Fetched 0 expenses for 2025-08-01
2025-09-03 16:38:07,380 [INFO] db_helper - Cursor closed
2025-09-03 16:38:07,380 [INFO] db_helper - \U0001f512 Connection closed
2025-09-03 16:38:07,401 [INFO] db_helper - delete_expense_for_date called with 2025-08-01
2025-09-03 16:38:07,401 [INFO] db_helper - Attempting database connection...
2025-09-03 16:38:07,410 [INFO] db_helper - \u2705 Connection successful
2025-09-03 16:38:07,410 [INFO] db_helper - Opening cursor...
2025-09-03 16:38:07,422 [INFO] db_helper - \u2705 All expenses for 2025-08-01 deleted successfully
2025-09-03 16:38:07,422 [INFO] db_helper - Cursor closed
2025-09-03 16:38:07,423 [INFO] db_helper - \U0001f512 Connection closed
2025-09-03 16:38:07,423 [INFO] db_helper - insert_expense called with date=2025-08-01, amount=100.0, category=Shopping, notes=I bought  Nike shoes
2025-09-03 16:38:07,423 [INFO] db_helper - Attempting database connection...
2025-09-03 16:38:07,431 [INFO] db_helper - \u2705 Connection successful
2025-09-03 16:38:07,431 [INFO] db_helper - Opening cursor...
2025-09-03 16:38:07,446 [INFO] db_helper - \u2705 Expense inserted successfully
2025-09-03 16:38:07,446 [INFO] db_helper - Cursor closed
2025-09-03 16:38:07,447 [INFO] db_helper - \U0001f512 Connection closed
2025-09-03 16:38:07,447 [INFO] db_helper - insert_expense called with date=2025-08-01, amount=50.0, category=Food, notes=earphone
2025-09-03 16:38:07,447 [INFO] db_helper - Attempting database connection...
2025-09-03 16:38:07,459 [INFO] db_helper - \u2705 Connection successful
2025-09-03 16:38:07,459 [INFO] db_helper - Opening cursor...
2025-09-03 16:38:07,471 [INFO] db_helper - \u2705 Expense inserted successfully
2025-09-03 16:38:07,471 [INFO] db_helper - Cursor closed
2025-09-03 16:38:07,472 [INFO] db_helper - \U0001f512 Connection closed
2025-09-03 16:38:17,155 [INFO] db_helper - fetch_expenses_for_date called with 2025-08-01
2025-09-03 16:38:17,155 [INFO] db_helper - Attempting database connection...
2025-09-03 16:38:17,161 [INFO] db_helper - \u2705 Connection successful
2025-09-03 16:38:17,161 [INFO] db_helper - Opening cursor...
2025-09-03 16:38:17,162 [INFO] db_helper - Fetched 2 expenses for 2025-08-01
2025-09-03 16:38:17,162 [INFO] db_helper - Cursor closed
2025-09-03 16:38:17,163 [INFO] db_helper - \U0001f512 Connection closed
2025-09-03 20:55:42,450 [INFO] db_helper - fetch_expenses_for_date called with 2024-08-02
2025-09-03 20:55:42,450 [INFO] db_helper - Attempting database connection...
2025-09-03 20:55:42,463 [INFO] db_helper - \u2705 Connection successful
2025-09-03 20:55:42,463 [INFO] db_helper - Opening cursor...
2025-09-03 20:55:42,465 [INFO] db_helper - Fetched 5 expenses for 2024-08-02
2025-09-03 20:55:42,465 [INFO] db_helper - Cursor closed
2025-09-03 20:55:42,466 [INFO] db_helper - \U0001f512 Connection closed
2025-09-03 21:10:10,269 [INFO] db_helper - fetch_expenses_for_date called with 2024-08-02
2025-09-03 21:10:10,269 [INFO] db_helper - Attempting database connection...
2025-09-03 21:10:10,301 [INFO] db_helper - \u2705 Connection successful
2025-09-03 21:10:10,301 [INFO] db_helper - Opening cursor...
2025-09-03 21:10:10,303 [INFO] db_helper - Fetched 5 expenses for 2024-08-02
2025-09-03 21:10:10,303 [INFO] db_helper - Cursor closed
2025-09-03 21:10:10,304 [INFO] db_helper - \U0001f512 Connection closed
2025-09-03 21:10:30,726 [INFO] db_helper - fetch_expense_summary called with start=2024-08-01, end=2024-08-05
2025-09-03 21:10:30,726 [INFO] db_helper - Attempting database connection...
2025-09-03 21:10:30,734 [INFO] db_helper - \u2705 Connection successful
2025-09-03 21:10:30,735 [INFO] db_helper - Opening cursor...
2025-09-03 21:10:30,749 [INFO] db_helper - Fetched 5 summary rows
2025-09-03 21:10:30,749 [INFO] db_helper - Cursor closed
2025-09-03 21:10:30,749 [INFO] db_helper - \U0001f512 Connection closed
2025-09-03 21:17:05,481 [INFO] db_helper - fetch_expense_summary called with start=2024-08-01, end=2024-08-05
2025-09-03 21:17:05,482 [INFO] db_helper - Attempting database connection...
2025-09-03 21:17:05,505 [INFO] db_helper - \u2705 Connection successful
2025-09-03 21:17:05,505 [INFO] db_helper - Opening cursor...
2025-09-03 21:17:05,507 [INFO] db_helper - Fetched 5 summary rows
2025-09-03 21:17:05,507 [INFO] db_helper - Cursor closed
2025-09-03 21:17:05,508 [INFO] db_helper - \U0001f512 Connection closed
2025-09-03 22:19:12,594 [INFO] db_helper - fetch_expenses_for_date called with 2024-08-01
2025-09-03 22:19:12,595 [INFO] db_helper - Attempting database connection...
2025-09-03 22:19:12,617 [INFO] db_helper - \u2705 Connection successful
2025-09-03 22:19:12,617 [INFO] db_helper - Opening cursor...
2025-09-03 22:19:12,619 [INFO] db_helper - Fetched 4 expenses for 2024-08-01
2025-09-03 22:19:12,619 [INFO] db_helper - Cursor closed
2025-09-03 22:19:12,619 [INFO] db_helper - \U0001f512 Connection closed
2025-09-03 22:19:39,029 [INFO] db_helper - fetch_expenses_for_date called with 2024-08-01
2025-09-03 22:19:39,029 [INFO] db_helper - Attempting database connection...
2025-09-03 22:19:39,037 [INFO] db_helper - \u2705 Connection successful
2025-09-03 22:19:39,037 [INFO] db_helper - Opening cursor...
2025-09-03 22:19:39,038 [INFO] db_helper - Fetched 4 expenses for 2024-08-01
2025-09-03 22:19:39,038 [INFO] db_helper - Cursor closed
2025-09-03 22:19:39,039 [INFO] db_helper - \U0001f512 Connection closed
2025-09-03 22:20:11,237 [INFO] db_helper - fetch_expenses_for_date called with 2024-08-01
2025-09-03 22:20:11,237 [INFO] db_helper - Attempting database connection...
2025-09-03 22:20:11,252 [INFO] db_helper - \u2705 Connection successful
2025-09-03 22:20:11,252 [INFO] db_helper - Opening cursor...
2025-09-03 22:20:11,255 [INFO] db_helper - Fetched 4 expenses for 2024-08-01
2025-09-03 22:20:11,255 [INFO] db_helper - Cursor closed
2025-09-03 22:20:11,255 [INFO] db_helper - \U0001f512 Connection closed
2025-09-03 22:21:31,314 [INFO] db_helper - fetch_expenses_for_date called with 2024-08-01
2025-09-03 22:21:31,315 [INFO] db_helper - Attempting database connection...
2025-09-03 22:21:31,324 [INFO] db_helper - \u2705 Connection successful
2025-09-03 22:21:31,324 [INFO] db_helper - Opening cursor...
2025-09-03 22:21:31,331 [INFO] db_helper - Fetched 4 expenses for 2024-08-01
2025-09-03 22:21:31,331 [INFO] db_helper - Cursor closed
2025-09-03 22:21:31,332 [INFO] db_helper - \U0001f512 Connection closed
2025-09-03 22:23:02,106 [INFO] db_helper - fetch_expenses_for_date called with 2024-08-01
2025-09-03 22:23:02,106 [INFO] db_helper - Attempting database connection...
2025-09-03 22:23:02,114 [INFO] db_helper - \u2705 Connection successful
2025-09-03 22:23:02,115 [INFO] db_helper - Opening cursor...
2025-09-03 22:23:02,116 [INFO] db_helper - Fetched 4 expenses for 2024-08-01
2025-09-03 22:23:02,116 [INFO] db_helper - Cursor closed
2025-09-03 22:23:02,116 [INFO] db_helper - \U0001f512 Connection closed
2025-09-03 22:24:50,322 [INFO] db_helper - fetch_expense_summary called with start=2024-08-01, end=2024-08-05
2025-09-03 22:24:50,323 [INFO] db_helper - Attempting database connection...
2025-09-03 22:24:50,330 [INFO] db_helper - \u2705 Connection successful
2025-09-03 22:24:50,331 [INFO] db_helper - Opening cursor...
2025-09-03 22:24:50,332 [INFO] db_helper - Fetched 5 summary rows
2025-09-03 22:24:50,332 [INFO] db_helper - Cursor closed
2025-09-03 22:24:50,333 [INFO] db_helper - \U0001f512 Connection closed
2025-09-03 22:26:58,668 [INFO] db_helper - fetch_expenses_for_date called with 2024-08-01
2025-09-03 22:26:58,669 [INFO] db_helper - Attempting database connection...
2025-09-03 22:26:58,677 [INFO] db_helper - \u2705 Connection successful
2025-09-03 22:26:58,678 [INFO] db_helper - Opening cursor...
2025-09-03 22:26:58,679 [INFO] db_helper - Fetched 4 expenses for 2024-08-01
2025-09-03 22:26:58,679 [INFO] db_helper - Cursor closed
2025-09-03 22:26:58,679 [INFO] db_helper - \U0001f512 Connection closed
2025-09-03 22:27:00,459 [INFO] db_helper - fetch_expenses_for_date called with 2024-08-01
2025-09-03 22:27:00,460 [INFO] db_helper - Attempting database connection...
2025-09-03 22:27:00,470 [INFO] db_helper - \u2705 Connection successful
2025-09-03 22:27:00,470 [INFO] db_helper - Opening cursor...
2025-09-03 22:27:00,472 [INFO] db_helper - Fetched 4 expenses for 2024-08-01
2025-09-03 22:27:00,472 [INFO] db_helper - Cursor closed
2025-09-03 22:27:00,472 [INFO] db_helper - \U0001f512 Connection closed
2025-09-03 22:28:21,152 [INFO] db_helper - fetch_expenses_for_date called with 2024-08-01
2025-09-03 22:28:21,152 [INFO] db_helper - Attempting database connection...
2025-09-03 22:28:21,161 [INFO] db_helper - \u2705 Connection successful
2025-09-03 22:28:21,161 [INFO] db_helper - Opening cursor...
2025-09-03 22:28:21,162 [INFO] db_helper - Fetched 4 expenses for 2024-08-01
2025-09-03 22:28:21,162 [INFO] db_helper - Cursor closed
2025-09-03 22:28:21,162 [INFO] db_helper - \U0001f512 Connection closed
2025-09-03 22:28:22,361 [INFO] db_helper - fetch_expenses_for_date called with 2024-08-01
2025-09-03 22:28:22,361 [INFO] db_helper - Attempting database connection...
2025-09-03 22:28:22,372 [INFO] db_helper - \u2705 Connection successful
2025-09-03 22:28:22,372 [INFO] db_helper - Opening cursor...
2025-09-03 22:28:22,373 [INFO] db_helper - Fetched 4 expenses for 2024-08-01
2025-09-03 22:28:22,373 [INFO] db_helper - Cursor closed
2025-09-03 22:28:22,374 [INFO] db_helper - \U0001f512 Connection closed
2025-09-03 22:28:22,408 [INFO] db_helper - fetch_expense_summary called with start=2024-08-01, end=2024-08-05
2025-09-03 22:28:22,408 [INFO] db_helper - Attempting database connection...
2025-09-03 22:28:22,416 [INFO] db_helper - \u2705 Connection successful
2025-09-03 22:28:22,416 [INFO] db_helper - Opening cursor...
2025-09-03 22:28:22,417 [INFO] db_helper - Fetched 5 summary rows
2025-09-03 22:28:22,417 [INFO] db_helper - Cursor closed
2025-09-03 22:28:22,417 [INFO] db_helper - \U0001f512 Connection closed
2025-09-03 22:28:33,965 [INFO] db_helper - fetch_expenses_for_date called with 2024-08-01
2025-09-03 22:28:33,965 [INFO] db_helper - Attempting database connection...
2025-09-03 22:28:33,973 [INFO] db_helper - \u2705 Connection successful
2025-09-03 22:28:33,973 [INFO] db_helper - Opening cursor...
2025-09-03 22:28:33,974 [INFO] db_helper - Fetched 4 expenses for 2024-08-01
2025-09-03 22:28:33,974 [INFO] db_helper - Cursor closed
2025-09-03 22:28:33,976 [INFO] db_helper - \U0001f512 Connection closed
2025-09-03 22:28:38,199 [INFO] db_helper - fetch_expenses_for_date called with 2024-08-01
2025-09-03 22:28:38,200 [INFO] db_helper - Attempting database connection...
2025-09-03 22:28:38,211 [INFO] db_helper - \u2705 Connection successful
2025-09-03 22:28:38,211 [INFO] db_helper - Opening cursor...
2025-09-03 22:28:38,213 [INFO] db_helper - Fetched 4 expenses for 2024-08-01
2025-09-03 22:28:38,213 [INFO] db_helper - Cursor closed
2025-09-03 22:28:38,213 [INFO] db_helper - \U0001f512 Connection closed
2025-09-03 22:28:38,243 [INFO] db_helper - fetch_expense_summary called with start=2024-08-01, end=2024-08-05
2025-09-03 22:28:38,243 [INFO] db_helper - Attempting database connection...
2025-09-03 22:28:38,252 [INFO] db_helper - \u2705 Connection successful
2025-09-03 22:28:38,252 [INFO] db_helper - Opening cursor...
2025-09-03 22:28:38,253 [INFO] db_helper - Fetched 5 summary rows
2025-09-03 22:28:38,253 [INFO] db_helper - Cursor closed
2025-09-03 22:28:38,254 [INFO] db_helper - \U0001f512 Connection closed
2025-09-03 22:31:00,970 [INFO] db_helper - fetch_expenses_for_date called with 2024-08-01
2025-09-03 22:31:00,971 [INFO] db_helper - Attempting database connection...
2025-09-03 22:31:00,979 [INFO] db_helper - \u2705 Connection successful
2025-09-03 22:31:00,979 [INFO] db_helper - Opening cursor...
2025-09-03 22:31:00,980 [INFO] db_helper - Fetched 4 expenses for 2024-08-01
2025-09-03 22:31:00,980 [INFO] db_helper - Cursor closed
2025-09-03 22:31:00,980 [INFO] db_helper - \U0001f512 Connection closed
2025-09-03 22:31:02,300 [INFO] db_helper - fetch_expenses_for_date called with 2024-08-01
2025-09-03 22:31:02,301 [INFO] db_helper - Attempting database connection...
2025-09-03 22:31:02,312 [INFO] db_helper - \u2705 Connection successful
2025-09-03 22:31:02,312 [INFO] db_helper - Opening cursor...
2025-09-03 22:31:02,313 [INFO] db_helper - Fetched 4 expenses for 2024-08-01
2025-09-03 22:31:02,314 [INFO] db_helper - Cursor closed
2025-09-03 22:31:02,314 [INFO] db_helper - \U0001f512 Connection closed
2025-09-03 22:31:02,338 [INFO] db_helper - fetch_expense_summary called with start=2024-08-01, end=2024-08-05
2025-09-03 22:31:02,338 [INFO] db_helper - Attempting database connection...
2025-09-03 22:31:02,347 [INFO] db_helper - \u2705 Connection successful
2025-09-03 22:31:02,347 [INFO] db_helper - Opening cursor...
2025-09-03 22:31:02,348 [INFO] db_helper - Fetched 5 summary rows
2025-09-03 22:31:02,348 [INFO] db_helper - Cursor closed
2025-09-03 22:31:02,348 [INFO] db_helper - \U0001f512 Connection closed
2025-09-03 22:32:59,266 [INFO] db_helper - fetch_expenses_for_date called with 2024-08-01
2025-09-03 22:32:59,266 [INFO] db_helper - Attempting database connection...
2025-09-03 22:32:59,280 [INFO] db_helper - \u2705 Connection successful
2025-09-03 22:32:59,281 [INFO] db_helper - Opening cursor...
2025-09-03 22:32:59,282 [INFO] db_helper - Fetched 4 expenses for 2024-08-01
2025-09-03 22:32:59,282 [INFO] db_helper - Cursor closed
2025-09-03 22:32:59,283 [INFO] db_helper - \U0001f512 Connection closed
2025-09-03 22:33:00,538 [INFO] db_helper - fetch_expenses_for_date called with 2024-08-01
2025-09-03 22:33:00,539 [INFO] db_helper - Attempting database connection...
2025-09-03 22:33:00,551 [INFO] db_helper - \u2705 Connection successful
2025-09-03 22:33:00,551 [INFO] db_helper - Opening cursor...
2025-09-03 22:33:00,553 [INFO] db_helper - Fetched 4 expenses for 2024-08-01
2025-09-03 22:33:00,554 [INFO] db_helper - Cursor closed
2025-09-03 22:33:00,555 [INFO] db_helper - \U0001f512 Connection closed
2025-09-03 22:33:00,580 [INFO] db_helper - fetch_expense_summary called with start=2024-08-01, end=2024-08-05
2025-09-03 22:33:00,580 [INFO] db_helper - Attempting database connection...
2025-09-03 22:33:00,588 [INFO] db_helper - \u2705 Connection successful
2025-09-03 22:33:00,588 [INFO] db_helper - Opening cursor...
2025-09-03 22:33:00,589 [INFO] db_helper - Fetched 5 summary rows
2025-09-03 22:33:00,589 [INFO] db_helper - Cursor closed
2025-09-03 22:33:00,590 [INFO] db_helper - \U0001f512 Connection closed
2025-09-03 22:34:34,607 [INFO] db_helper - fetch_expenses_for_date called with 2024-08-01
2025-09-03 22:34:34,607 [INFO] db_helper - Attempting database connection...
2025-09-03 22:34:34,614 [INFO] db_helper - \u2705 Connection successful
2025-09-03 22:34:34,614 [INFO] db_helper - Opening cursor...
2025-09-03 22:34:34,615 [INFO] db_helper - Fetched 4 expenses for 2024-08-01
2025-09-03 22:34:34,615 [INFO] db_helper - Cursor closed
2025-09-03 22:34:34,616 [INFO] db_helper - \U0001f512 Connection closed
2025-09-03 22:34:35,899 [INFO] db_helper - fetch_expenses_for_date called with 2024-08-01
2025-09-03 22:34:35,900 [INFO] db_helper - Attempting database connection...
2025-09-03 22:34:35,912 [INFO] db_helper - \u2705 Connection successful
2025-09-03 22:34:35,913 [INFO] db_helper - Opening cursor...
2025-09-03 22:34:35,914 [INFO] db_helper - Fetched 4 expenses for 2024-08-01
2025-09-03 22:34:35,914 [INFO] db_helper - Cursor closed
2025-09-03 22:34:35,914 [INFO] db_helper - \U0001f512 Connection closed
2025-09-03 22:34:35,940 [INFO] db_helper - fetch_expense_summary called with start=2024-08-01, end=2024-08-05
2025-09-03 22:34:35,940 [INFO] db_helper - Attempting database connection...
2025-09-03 22:34:35,948 [INFO] db_helper - \u2705 Connection successful
2025-09-03 22:34:35,948 [INFO] db_helper - Opening cursor...
2025-09-03 22:34:35,949 [INFO] db_helper - Fetched 5 summary rows
2025-09-03 22:34:35,949 [INFO] db_helper - Cursor closed
2025-09-03 22:34:35,949 [INFO] db_helper - \U0001f512 Connection closed
2025-09-03 22:36:06,242 [INFO] db_helper - fetch_expenses_for_date called with 2024-08-01
2025-09-03 22:36:06,242 [INFO] db_helper - Attempting database connection...
2025-09-03 22:36:06,251 [INFO] db_helper - \u2705 Connection successful
2025-09-03 22:36:06,251 [INFO] db_helper - Opening cursor...
2025-09-03 22:36:06,252 [INFO] db_helper - Fetched 4 expenses for 2024-08-01
2025-09-03 22:36:06,252 [INFO] db_helper - Cursor closed
2025-09-03 22:36:06,252 [INFO] db_helper - \U0001f512 Connection closed
2025-09-03 22:36:07,584 [INFO] db_helper - fetch_expenses_for_date called with 2024-08-01
2025-09-03 22:36:07,585 [INFO] db_helper - Attempting database connection...
2025-09-03 22:36:07,597 [INFO] db_helper - \u2705 Connection successful
2025-09-03 22:36:07,597 [INFO] db_helper - Opening cursor...
2025-09-03 22:36:07,598 [INFO] db_helper - Fetched 4 expenses for 2024-08-01
2025-09-03 22:36:07,599 [INFO] db_helper - Cursor closed
2025-09-03 22:36:07,599 [INFO] db_helper - \U0001f512 Connection closed
2025-09-03 22:36:07,621 [INFO] db_helper - fetch_expense_summary called with start=2024-08-01, end=2024-08-05
2025-09-03 22:36:07,621 [INFO] db_helper - Attempting database connection...
2025-09-03 22:36:07,628 [INFO] db_helper - \u2705 Connection successful
2025-09-03 22:36:07,628 [INFO] db_helper - Opening cursor...
2025-09-03 22:36:07,629 [INFO] db_helper - Fetched 5 summary rows
2025-09-03 22:36:07,629 [INFO] db_helper - Cursor closed
2025-09-03 22:36:07,629 [INFO] db_helper - \U0001f512 Connection closed
2025-09-03 22:36:46,368 [INFO] db_helper - fetch_expenses_for_date called with 2024-08-01
2025-09-03 22:36:46,368 [INFO] db_helper - Attempting database connection...
2025-09-03 22:36:46,377 [INFO] db_helper - \u2705 Connection successful
2025-09-03 22:36:46,378 [INFO] db_helper - Opening cursor...
2025-09-03 22:36:46,378 [INFO] db_helper - Fetched 4 expenses for 2024-08-01
2025-09-03 22:36:46,379 [INFO] db_helper - Cursor closed
2025-09-03 22:36:46,379 [INFO] db_helper - \U0001f512 Connection closed
2025-09-03 22:36:51,905 [INFO] db_helper - fetch_expenses_for_date called with 2024-08-01
2025-09-03 22:36:51,905 [INFO] db_helper - Attempting database connection...
2025-09-03 22:36:51,923 [INFO] db_helper - \u2705 Connection successful
2025-09-03 22:36:51,923 [INFO] db_helper - Opening cursor...
2025-09-03 22:36:51,925 [INFO] db_helper - Fetched 4 expenses for 2024-08-01
2025-09-03 22:36:51,925 [INFO] db_helper - Cursor closed
2025-09-03 22:36:51,925 [INFO] db_helper - \U0001f512 Connection closed
2025-09-03 22:36:51,948 [INFO] db_helper - fetch_expense_summary called with start=2024-08-01, end=2024-08-05
2025-09-03 22:36:51,948 [INFO] db_helper - Attempting database connection...
2025-09-03 22:36:51,956 [INFO] db_helper - \u2705 Connection successful
2025-09-03 22:36:51,956 [INFO] db_helper - Opening cursor...
2025-09-03 22:36:51,957 [INFO] db_helper - Fetched 5 summary rows
2025-09-03 22:36:51,957 [INFO] db_helper - Cursor closed
2025-09-03 22:36:51,957 [INFO] db_helper - \U0001f512 Connection closed
2025-09-03 22:37:25,437 [INFO] db_helper - fetch_expenses_for_date called with 2024-08-01
2025-09-03 22:37:25,437 [INFO] db_helper - Attempting database connection...
2025-09-03 22:37:25,448 [INFO] db_helper - \u2705 Connection successful
2025-09-03 22:37:25,449 [INFO] db_helper - Opening cursor...
2025-09-03 22:37:25,450 [INFO] db_helper - Fetched 4 expenses for 2024-08-01
2025-09-03 22:37:25,450 [INFO] db_helper - Cursor closed
2025-09-03 22:37:25,451 [INFO] db_helper - \U0001f512 Connection closed
2025-09-03 22:37:25,471 [INFO] db_helper - fetch_expense_summary called with start=2024-08-01, end=2024-08-05
2025-09-03 22:37:25,471 [INFO] db_helper - Attempting database connection...
2025-09-03 22:37:25,477 [INFO] db_helper - \u2705 Connection successful
2025-09-03 22:37:25,477 [INFO] db_helper - Opening cursor...
2025-09-03 22:37:25,478 [INFO] db_helper - Fetched 5 summary rows
2025-09-03 22:37:25,478 [INFO] db_helper - Cursor closed
2025-09-03 22:37:25,479 [INFO] db_helper - \U0001f512 Connection closed
2025-09-03 22:40:45,025 [INFO] db_helper - fetch_expenses_for_date called with 2024-08-01
2025-09-03 22:40:45,025 [INFO] db_helper - Attempting database connection...
2025-09-03 22:40:45,033 [INFO] db_helper - \u2705 Connection successful
2025-09-03 22:40:45,033 [INFO] db_helper - Opening cursor...
2025-09-03 22:40:45,035 [INFO] db_helper - Fetched 4 expenses for 2024-08-01
2025-09-03 22:40:45,035 [INFO] db_helper - Cursor closed
2025-09-03 22:40:45,035 [INFO] db_helper - \U0001f512 Connection closed
2025-09-03 22:40:46,498 [INFO] db_helper - fetch_expenses_for_date called with 2024-08-01
2025-09-03 22:40:46,498 [INFO] db_helper - Attempting database connection...
2025-09-03 22:40:46,509 [INFO] db_helper - \u2705 Connection successful
2025-09-03 22:40:46,509 [INFO] db_helper - Opening cursor...
2025-09-03 22:40:46,510 [INFO] db_helper - Fetched 4 expenses for 2024-08-01
2025-09-03 22:40:46,510 [INFO] db_helper - Cursor closed
2025-09-03 22:40:46,511 [INFO] db_helper - \U0001f512 Connection closed
2025-09-03 22:40:46,536 [INFO] db_helper - fetch_expense_summary called with start=2024-08-01, end=2024-08-05
2025-09-03 22:40:46,536 [INFO] db_helper - Attempting database connection...
2025-09-03 22:40:46,544 [INFO] db_helper - \u2705 Connection successful
2025-09-03 22:40:46,544 [INFO] db_helper - Opening cursor...
2025-09-03 22:40:46,545 [INFO] db_helper - Fetched 5 summary rows
2025-09-03 22:40:46,545 [INFO] db_helper - Cursor closed
2025-09-03 22:40:46,545 [INFO] db_helper - \U0001f512 Connection closed
2025-09-03 22:56:38,267 [INFO] db_helper - fetch_expenses_for_date called with 2024-08-01
2025-09-03 22:56:38,267 [INFO] db_helper - Attempting database connection...
2025-09-03 22:56:38,289 [INFO] db_helper - \u2705 Connection successful
2025-09-03 22:56:38,290 [INFO] db_helper - Opening cursor...
2025-09-03 22:56:38,293 [INFO] db_helper - Fetched 4 expenses for 2024-08-01
2025-09-03 22:56:38,293 [INFO] db_helper - Cursor closed
2025-09-03 22:56:38,294 [INFO] db_helper - \U0001f512 Connection closed
2025-09-03 22:57:56,360 [INFO] db_helper - fetch_expenses_for_date called with 2024-08-01
2025-09-03 22:57:56,361 [INFO] db_helper - Attempting database connection...
2025-09-03 22:57:56,374 [INFO] db_helper - \u2705 Connection successful
2025-09-03 22:57:56,374 [INFO] db_helper - Opening cursor...
2025-09-03 22:57:56,376 [INFO] db_helper - Fetched 4 expenses for 2024-08-01
2025-09-03 22:57:56,376 [INFO] db_helper - Cursor closed
2025-09-03 22:57:56,377 [INFO] db_helper - \U0001f512 Connection closed
2025-09-03 22:58:09,674 [INFO] db_helper - fetch_expenses_for_date called with 2024-08-01
2025-09-03 22:58:09,675 [INFO] db_helper - Attempting database connection...
2025-09-03 22:58:09,688 [INFO] db_helper - \u2705 Connection successful
2025-09-03 22:58:09,688 [INFO] db_helper - Opening cursor...
2025-09-03 22:58:09,690 [INFO] db_helper - Fetched 4 expenses for 2024-08-01
2025-09-03 22:58:09,690 [INFO] db_helper - Cursor closed
2025-09-03 22:58:09,691 [INFO] db_helper - \U0001f512 Connection closed
2025-09-03 22:58:18,425 [INFO] db_helper - fetch_expenses_for_date called with 2024-08-01
2025-09-03 22:58:18,425 [INFO] db_helper - Attempting database connection...
2025-09-03 22:58:18,441 [INFO] db_helper - \u2705 Connection successful
2025-09-03 22:58:18,442 [INFO] db_helper - Opening cursor...
2025-09-03 22:58:18,444 [INFO] db_helper - Fetched 4 expenses for 2024-08-01
2025-09-03 22:58:18,444 [INFO] db_helper - Cursor closed
2025-09-03 22:58:18,444 [INFO] db_helper - \U0001f512 Connection closed
2025-09-03 22:58:18,477 [INFO] db_helper - fetch_expense_summary called with start=2024-08-01, end=2024-08-05
2025-09-03 22:58:18,477 [INFO] db_helper - Attempting database connection...
2025-09-03 22:58:18,490 [INFO] db_helper - \u2705 Connection successful
2025-09-03 22:58:18,490 [INFO] db_helper - Opening cursor...
2025-09-03 22:58:18,492 [INFO] db_helper - Fetched 5 summary rows
2025-09-03 22:58:18,492 [INFO] db_helper - Cursor closed
2025-09-03 22:58:18,493 [INFO] db_helper - \U0001f512 Connection closed
2025-09-03 22:58:37,230 [INFO] db_helper - fetch_expenses_for_date called with 2024-08-01
2025-09-03 22:58:37,230 [INFO] db_helper - Attempting database connection...
2025-09-03 22:58:37,239 [INFO] db_helper - \u2705 Connection successful
2025-09-03 22:58:37,239 [INFO] db_helper - Opening cursor...
2025-09-03 22:58:37,240 [INFO] db_helper - Fetched 4 expenses for 2024-08-01
2025-09-03 22:58:37,240 [INFO] db_helper - Cursor closed
2025-09-03 22:58:37,241 [INFO] db_helper - \U0001f512 Connection closed
2025-09-03 22:58:40,356 [INFO] db_helper - fetch_expenses_for_date called with 2024-08-01
2025-09-03 22:58:40,356 [INFO] db_helper - Attempting database connection...
2025-09-03 22:58:40,367 [INFO] db_helper - \u2705 Connection successful
2025-09-03 22:58:40,367 [INFO] db_helper - Opening cursor...
2025-09-03 22:58:40,369 [INFO] db_helper - Fetched 4 expenses for 2024-08-01
2025-09-03 22:58:40,369 [INFO] db_helper - Cursor closed
2025-09-03 22:58:40,370 [INFO] db_helper - \U0001f512 Connection closed
2025-09-03 22:58:40,385 [INFO] db_helper - fetch_expense_summary called with start=2024-08-01, end=2024-08-05
2025-09-03 22:58:40,385 [INFO] db_helper - Attempting database connection...
2025-09-03 22:58:40,393 [INFO] db_helper - \u2705 Connection successful
2025-09-03 22:58:40,393 [INFO] db_helper - Opening cursor...
2025-09-03 22:58:40,394 [INFO] db_helper - Fetched 5 summary rows
2025-09-03 22:58:40,395 [INFO] db_helper - Cursor closed
2025-09-03 22:58:40,395 [INFO] db_helper - \U0001f512 Connection closed
2025-09-03 23:22:07,913 [INFO] db_helper - fetch_expenses_for_date called with 2024-08-01
2025-09-03 23:22:07,914 [INFO] db_helper - Attempting database connection...
2025-09-03 23:22:07,923 [INFO] db_helper - \u2705 Connection successful
2025-09-03 23:22:07,923 [INFO] db_helper - Opening cursor...
2025-09-03 23:22:07,925 [INFO] db_helper - Fetched 4 expenses for 2024-08-01
2025-09-03 23:22:07,925 [INFO] db_helper - Cursor closed
2025-09-03 23:22:07,926 [INFO] db_helper - \U0001f512 Connection closed
2025-09-03 23:23:24,866 [INFO] db_helper - fetch_expenses_for_date called with 2024-08-01
2025-09-03 23:23:24,866 [INFO] db_helper - Attempting database connection...
2025-09-03 23:23:24,876 [INFO] db_helper - \u2705 Connection successful
2025-09-03 23:23:24,876 [INFO] db_helper - Opening cursor...
2025-09-03 23:23:24,877 [INFO] db_helper - Fetched 4 expenses for 2024-08-01
2025-09-03 23:23:24,877 [INFO] db_helper - Cursor closed
2025-09-03 23:23:24,877 [INFO] db_helper - \U0001f512 Connection closed
2025-09-03 23:24:37,782 [INFO] db_helper - fetch_expenses_for_date called with 2024-08-01
2025-09-03 23:24:37,782 [INFO] db_helper - Attempting database connection...
2025-09-03 23:24:37,793 [INFO] db_helper - \u2705 Connection successful
2025-09-03 23:24:37,793 [INFO] db_helper - Opening cursor...
2025-09-03 23:24:37,794 [INFO] db_helper - Fetched 4 expenses for 2024-08-01
2025-09-03 23:24:37,794 [INFO] db_helper - Cursor closed
2025-09-03 23:24:37,795 [INFO] db_helper - \U0001f512 Connection closed
2025-09-03 23:28:10,974 [INFO] db_helper - fetch_expenses_for_date called with 2024-08-01
2025-09-03 23:28:10,975 [INFO] db_helper - Attempting database connection...
2025-09-03 23:28:10,981 [INFO] db_helper - \u2705 Connection successful
2025-09-03 23:28:10,981 [INFO] db_helper - Opening cursor...
2025-09-03 23:28:10,982 [INFO] db_helper - Fetched 4 expenses for 2024-08-01
2025-09-03 23:28:10,982 [INFO] db_helper - Cursor closed
2025-09-03 23:28:10,982 [INFO] db_helper - \U0001f512 Connection closed
2025-09-03 23:28:13,840 [INFO] db_helper - fetch_expenses_for_date called with 2024-08-01
2025-09-03 23:28:13,840 [INFO] db_helper - Attempting database connection...
2025-09-03 23:28:13,860 [INFO] db_helper - \u2705 Connection successful
2025-09-03 23:28:13,860 [INFO] db_helper - Opening cursor...
2025-09-03 23:28:13,861 [INFO] db_helper - Fetched 4 expenses for 2024-08-01
2025-09-03 23:28:13,861 [INFO] db_helper - Cursor closed
2025-09-03 23:28:13,861 [INFO] db_helper - \U0001f512 Connection closed
2025-09-03 23:31:43,783 [INFO] db_helper - fetch_expenses_for_date called with 2024-08-01
2025-09-03 23:31:43,783 [INFO] db_helper - Attempting database connection...
2025-09-03 23:31:43,792 [INFO] db_helper - \u2705 Connection successful
2025-09-03 23:31:43,792 [INFO] db_helper - Opening cursor...
2025-09-03 23:31:43,793 [INFO] db_helper - Fetched 4 expenses for 2024-08-01
2025-09-03 23:31:43,793 [INFO] db_helper - Cursor closed
2025-09-03 23:31:43,794 [INFO] db_helper - \U0001f512 Connection closed
2025-09-03 23:32:05,357 [INFO] db_helper - fetch_expenses_for_date called with 2024-08-01
2025-09-03 23:32:05,357 [INFO] db_helper - Attempting database connection...
2025-09-03 23:32:05,366 [INFO] db_helper - \u2705 Connection successful
2025-09-03 23:32:05,366 [INFO] db_helper - Opening cursor...
2025-09-03 23:32:05,367 [INFO] db_helper - Fetched 4 expenses for 2024-08-01
2025-09-03 23:32:05,367 [INFO] db_helper - Cursor closed
2025-09-03 23:32:05,367 [INFO] db_helper - \U0001f512 Connection closed
2025-09-03 23:33:09,829 [INFO] db_helper - fetch_expenses_for_date called with 2024-08-01
2025-09-03 23:33:09,829 [INFO] db_helper - Attempting database connection...
2025-09-03 23:33:09,838 [INFO] db_helper - \u2705 Connection successful
2025-09-03 23:33:09,838 [INFO] db_helper - Opening cursor...
2025-09-03 23:33:09,839 [INFO] db_helper - Fetched 4 expenses for 2024-08-01
2025-09-03 23:33:09,839 [INFO] db_helper - Cursor closed
2025-09-03 23:33:09,839 [INFO] db_helper - \U0001f512 Connection closed
2025-09-03 23:33:38,842 [INFO] db_helper - fetch_expenses_for_date called with 2024-08-01
2025-09-03 23:33:38,842 [INFO] db_helper - Attempting database connection...
2025-09-03 23:33:38,851 [INFO] db_helper - \u2705 Connection successful
2025-09-03 23:33:38,852 [INFO] db_helper - Opening cursor...
2025-09-03 23:33:38,854 [INFO] db_helper - Fetched 4 expenses for 2024-08-01
2025-09-03 23:33:38,854 [INFO] db_helper - Cursor closed
2025-09-03 23:33:38,856 [INFO] db_helper - \U0001f512 Connection closed
2025-09-03 23:34:34,147 [INFO] db_helper - fetch_expenses_for_date called with 2024-08-01
2025-09-03 23:34:34,147 [INFO] db_helper - Attempting database connection...
2025-09-03 23:34:34,158 [INFO] db_helper - \u2705 Connection successful
2025-09-03 23:34:34,158 [INFO] db_helper - Opening cursor...
2025-09-03 23:34:34,160 [INFO] db_helper - Fetched 4 expenses for 2024-08-01
2025-09-03 23:34:34,160 [INFO] db_helper - Cursor closed
2025-09-03 23:34:34,161 [INFO] db_helper - \U0001f512 Connection closed
2025-09-03 23:35:32,850 [INFO] db_helper - fetch_expenses_for_date called with 2024-08-01
2025-09-03 23:35:32,850 [INFO] db_helper - Attempting database connection...
2025-09-03 23:35:32,857 [INFO] db_helper - \u2705 Connection successful
2025-09-03 23:35:32,857 [INFO] db_helper - Opening cursor...
2025-09-03 23:35:32,858 [INFO] db_helper - Fetched 4 expenses for 2024-08-01
2025-09-03 23:35:32,858 [INFO] db_helper - Cursor closed
2025-09-03 23:35:32,858 [INFO] db_helper - \U0001f512 Connection closed
2025-09-03 23:36:27,429 [INFO] db_helper - fetch_expenses_for_date called with 2024-08-01
2025-09-03 23:36:27,429 [INFO] db_helper - Attempting database connection...
2025-09-03 23:36:27,437 [INFO] db_helper - \u2705 Connection successful
2025-09-03 23:36:27,437 [INFO] db_helper - Opening cursor...
2025-09-03 23:36:27,438 [INFO] db_helper - Fetched 4 expenses for 2024-08-01
2025-09-03 23:36:27,438 [INFO] db_helper - Cursor closed
2025-09-03 23:36:27,438 [INFO] db_helper - \U0001f512 Connection closed
2025-09-03 23:38:33,852 [INFO] db_helper - fetch_expenses_for_date called with 2024-08-01
2025-09-03 23:38:33,853 [INFO] db_helper - Attempting database connection...
2025-09-03 23:38:33,861 [INFO] db_helper - \u2705 Connection successful
2025-09-03 23:38:33,861 [INFO] db_helper - Opening cursor...
2025-09-03 23:38:33,862 [INFO] db_helper - Fetched 4 expenses for 2024-08-01
2025-09-03 23:38:33,862 [INFO] db_helper - Cursor closed
2025-09-03 23:38:33,862 [INFO] db_helper - \U0001f512 Connection closed
2025-09-03 23:39:22,598 [INFO] db_helper - fetch_expenses_for_date called with 2024-08-01
2025-09-03 23:39:22,598 [INFO] db_helper - Attempting database connection...
2025-09-03 23:39:22,606 [INFO] db_helper - \u2705 Connection successful
2025-09-03 23:39:22,607 [INFO] db_helper - Opening cursor...
2025-09-03 23:39:22,607 [INFO] db_helper - Fetched 4 expenses for 2024-08-01
2025-09-03 23:39:22,608 [INFO] db_helper - Cursor closed
2025-09-03 23:39:22,608 [INFO] db_helper - \U0001f512 Connection closed
2025-09-03 23:39:36,387 [INFO] db_helper - fetch_expenses_for_date called with 2024-08-01
2025-09-03 23:39:36,387 [INFO] db_helper - Attempting database connection...
2025-09-03 23:39:36,396 [INFO] db_helper - \u2705 Connection successful
2025-09-03 23:39:36,397 [INFO] db_helper - Opening cursor...
2025-09-03 23:39:36,397 [INFO] db_helper - Fetched 4 expenses for 2024-08-01
2025-09-03 23:39:36,397 [INFO] db_helper - Cursor closed
2025-09-03 23:39:36,397 [INFO] db_helper - \U0001f512 Connection closed
2025-09-03 23:39:36,408 [INFO] db_helper - fetch_expense_summary called with start=2024-08-01, end=2024-08-05
2025-09-03 23:39:36,408 [INFO] db_helper - Attempting database connection...
2025-09-03 23:39:36,413 [INFO] db_helper - \u2705 Connection successful
2025-09-03 23:39:36,413 [INFO] db_helper - Opening cursor...
2025-09-03 23:39:36,414 [INFO] db_helper - Fetched 5 summary rows
2025-09-03 23:39:36,414 [INFO] db_helper - Cursor closed
2025-09-03 23:39:36,414 [INFO] db_helper - \U0001f512 Connection closed
2025-09-03 23:40:48,629 [INFO] db_helper - fetch_expenses_for_date called with 2024-08-01
2025-09-03 23:40:48,629 [INFO] db_helper - Attempting database connection...
2025-09-03 23:40:48,640 [INFO] db_helper - \u2705 Connection successful
2025-09-03 23:40:48,640 [INFO] db_helper - Opening cursor...
2025-09-03 23:40:48,641 [INFO] db_helper - Fetched 4 expenses for 2024-08-01
2025-09-03 23:40:48,641 [INFO] db_helper - Cursor closed
2025-09-03 23:40:48,642 [INFO] db_helper - \U0001f512 Connection closed
2025-09-04 00:08:13,616 [INFO] __main__ - get_analytics_month called
2025-09-04 00:08:13,617 [INFO] __main__ - Attempting database connection...
2025-09-04 00:08:13,759 [INFO] __main__ - \u2705 Connection successful
2025-09-04 00:08:13,760 [INFO] __main__ - Opening cursor...
2025-09-04 00:08:13,762 [INFO] __main__ - Fetched 4 summary rows
2025-09-04 00:08:13,762 [INFO] __main__ - Cursor closed
2025-09-04 00:08:13,763 [INFO] __main__ - \U0001f512 Connection closed
2025-09-04 00:15:34,727 [INFO] db_helper - get_analytics_month called
2025-09-04 00:15:34,727 [INFO] db_helper - Attempting database connection...
2025-09-04 00:15:34,751 [INFO] db_helper - \u2705 Connection successful
2025-09-04 00:15:34,751 [INFO] db_helper - Opening cursor...
2025-09-04 00:15:34,752 [INFO] db_helper - Fetched 4 summary rows
2025-09-04 00:15:34,752 [INFO] db_helper - Cursor closed
2025-09-04 00:15:34,752 [INFO] db_helper - \U0001f512 Connection closed
2025-09-04 00:17:00,657 [INFO] db_helper - get_analytics_month called
2025-09-04 00:17:00,657 [INFO] db_helper - Attempting database connection...
2025-09-04 00:17:00,662 [INFO] db_helper - \u2705 Connection successful
2025-09-04 00:17:00,662 [INFO] db_helper - Opening cursor...
2025-09-04 00:17:00,663 [INFO] db_helper - Fetched 4 summary rows
2025-09-04 00:17:00,663 [INFO] db_helper - Cursor closed
2025-09-04 00:17:00,663 [INFO] db_helper - \U0001f512 Connection closed
2025-09-04 00:17:12,223 [INFO] __main__ - get_analytics_month called
2025-09-04 00:17:12,223 [INFO] __main__ - Attempting database connection...
2025-09-04 00:17:12,296 [INFO] __main__ - \u2705 Connection successful
2025-09-04 00:17:12,296 [INFO] __main__ - Opening cursor...
2025-09-04 00:17:12,297 [INFO] __main__ - Fetched 2 summary rows
2025-09-04 00:17:12,297 [INFO] __main__ - Cursor closed
2025-09-04 00:17:12,297 [INFO] __main__ - \U0001f512 Connection closed
2025-09-04 00:17:20,923 [INFO] db_helper - get_analytics_month called
2025-09-04 00:17:20,923 [INFO] db_helper - Attempting database connection...
2025-09-04 00:17:20,941 [INFO] db_helper - \u2705 Connection successful
2025-09-04 00:17:20,941 [INFO] db_helper - Opening cursor...
2025-09-04 00:17:20,942 [INFO] db_helper - Fetched 2 summary rows
2025-09-04 00:17:20,942 [INFO] db_helper - Cursor closed
2025-09-04 00:17:20,943 [INFO] db_helper - \U0001f512 Connection closed
2025-09-04 00:18:57,201 [INFO] db_helper - fetch_expenses_for_date called with 2024-08-01
2025-09-04 00:18:57,202 [INFO] db_helper - Attempting database connection...
2025-09-04 00:18:57,214 [INFO] db_helper - \u2705 Connection successful
2025-09-04 00:18:57,215 [INFO] db_helper - Opening cursor...
2025-09-04 00:18:57,216 [INFO] db_helper - Fetched 4 expenses for 2024-08-01
2025-09-04 00:18:57,217 [INFO] db_helper - Cursor closed
2025-09-04 00:18:57,217 [INFO] db_helper - \U0001f512 Connection closed
2025-09-04 00:23:55,978 [INFO] db_helper - fetch_expenses_for_date called with 2024-08-01
2025-09-04 00:23:55,979 [INFO] db_helper - Attempting database connection...
2025-09-04 00:23:55,991 [INFO] db_helper - \u2705 Connection successful
2025-09-04 00:23:55,991 [INFO] db_helper - Opening cursor...
2025-09-04 00:23:55,993 [INFO] db_helper - Fetched 4 expenses for 2024-08-01
2025-09-04 00:23:55,993 [INFO] db_helper - Cursor closed
2025-09-04 00:23:55,993 [INFO] db_helper - \U0001f512 Connection closed
2025-09-04 00:23:56,007 [INFO] db_helper - fetch_expense_summary called with start=2024-08-01, end=2024-08-05
2025-09-04 00:23:56,007 [INFO] db_helper - Attempting database connection...
2025-09-04 00:23:56,014 [INFO] db_helper - \u2705 Connection successful
2025-09-04 00:23:56,014 [INFO] db_helper - Opening cursor...
2025-09-04 00:23:56,015 [INFO] db_helper - Fetched 5 summary rows
2025-09-04 00:23:56,015 [INFO] db_helper - Cursor closed
2025-09-04 00:23:56,015 [INFO] db_helper - \U0001f512 Connection closed
2025-09-04 00:25:11,797 [INFO] db_helper - fetch_expenses_for_date called with 2024-08-01
2025-09-04 00:25:11,797 [INFO] db_helper - Attempting database connection...
2025-09-04 00:25:11,811 [INFO] db_helper - \u2705 Connection successful
2025-09-04 00:25:11,811 [INFO] db_helper - Opening cursor...
2025-09-04 00:25:11,814 [INFO] db_helper - Fetched 4 expenses for 2024-08-01
2025-09-04 00:25:11,814 [INFO] db_helper - Cursor closed
2025-09-04 00:25:11,814 [INFO] db_helper - \U0001f512 Connection closed
2025-09-04 00:27:50,015 [INFO] db_helper - fetch_expenses_for_date called with 2024-08-01
2025-09-04 00:27:50,016 [INFO] db_helper - Attempting database connection...
2025-09-04 00:27:50,030 [INFO] db_helper - \u2705 Connection successful
2025-09-04 00:27:50,030 [INFO] db_helper - Opening cursor...
2025-09-04 00:27:50,032 [INFO] db_helper - Fetched 4 expenses for 2024-08-01
2025-09-04 00:27:50,032 [INFO] db_helper - Cursor closed
2025-09-04 00:27:50,033 [INFO] db_helper - \U0001f512 Connection closed
2025-09-04 00:27:53,342 [INFO] db_helper - fetch_expenses_for_date called with 2024-08-01
2025-09-04 00:27:53,342 [INFO] db_helper - Attempting database connection...
2025-09-04 00:27:53,353 [INFO] db_helper - \u2705 Connection successful
2025-09-04 00:27:53,353 [INFO] db_helper - Opening cursor...
2025-09-04 00:27:53,355 [INFO] db_helper - Fetched 4 expenses for 2024-08-01
2025-09-04 00:27:53,355 [INFO] db_helper - Cursor closed
2025-09-04 00:27:53,356 [INFO] db_helper - \U0001f512 Connection closed
2025-09-04 00:27:53,373 [INFO] db_helper - get_analytics_month called
2025-09-04 00:27:53,373 [INFO] db_helper - Attempting database connection...
2025-09-04 00:27:53,388 [INFO] db_helper - \u2705 Connection successful
2025-09-04 00:27:53,388 [INFO] db_helper - Opening cursor...
2025-09-04 00:27:53,389 [INFO] db_helper - Fetched 2 summary rows
2025-09-04 00:27:53,389 [INFO] db_helper - Cursor closed
2025-09-04 00:27:53,390 [INFO] db_helper - \U0001f512 Connection closed
2025-09-04 00:28:16,468 [INFO] db_helper - fetch_expenses_for_date called with 2024-08-01
2025-09-04 00:28:16,468 [INFO] db_helper - Attempting database connection...
2025-09-04 00:28:16,481 [INFO] db_helper - \u2705 Connection successful
2025-09-04 00:28:16,481 [INFO] db_helper - Opening cursor...
2025-09-04 00:28:16,483 [INFO] db_helper - Fetched 4 expenses for 2024-08-01
2025-09-04 00:28:16,484 [INFO] db_helper - Cursor closed
2025-09-04 00:28:16,484 [INFO] db_helper - \U0001f512 Connection closed
2025-09-04 00:28:17,751 [INFO] db_helper - fetch_expenses_for_date called with 2024-08-01
2025-09-04 00:28:17,751 [INFO] db_helper - Attempting database connection...
2025-09-04 00:28:17,763 [INFO] db_helper - \u2705 Connection successful
2025-09-04 00:28:17,763 [INFO] db_helper - Opening cursor...
2025-09-04 00:28:17,764 [INFO] db_helper - Fetched 4 expenses for 2024-08-01
2025-09-04 00:28:17,764 [INFO] db_helper - Cursor closed
2025-09-04 00:28:17,765 [INFO] db_helper - \U0001f512 Connection closed
2025-09-04 00:28:17,780 [INFO] db_helper - get_analytics_month called
2025-09-04 00:28:17,781 [INFO] db_helper - Attempting database connection...
2025-09-04 00:28:17,790 [INFO] db_helper - \u2705 Connection successful
2025-09-04 00:28:17,790 [INFO] db_helper - Opening cursor...
2025-09-04 00:28:17,791 [INFO] db_helper - Fetched 2 summary rows
2025-09-04 00:28:17,791 [INFO] db_helper - Cursor closed
2025-09-04 00:28:17,791 [INFO] db_helper - \U0001f512 Connection closed
2025-09-04 00:28:26,040 [INFO] db_helper - fetch_expenses_for_date called with 2024-08-01
2025-09-04 00:28:26,040 [INFO] db_helper - Attempting database connection...
2025-09-04 00:28:26,048 [INFO] db_helper - \u2705 Connection successful
2025-09-04 00:28:26,048 [INFO] db_helper - Opening cursor...
2025-09-04 00:28:26,049 [INFO] db_helper - Fetched 4 expenses for 2024-08-01
2025-09-04 00:28:26,049 [INFO] db_helper - Cursor closed
2025-09-04 00:28:26,050 [INFO] db_helper - \U0001f512 Connection closed
2025-09-04 00:28:27,479 [INFO] db_helper - fetch_expenses_for_date called with 2024-08-01
2025-09-04 00:28:27,480 [INFO] db_helper - Attempting database connection...
2025-09-04 00:28:27,491 [INFO] db_helper - \u2705 Connection successful
2025-09-04 00:28:27,491 [INFO] db_helper - Opening cursor...
2025-09-04 00:28:27,492 [INFO] db_helper - Fetched 4 expenses for 2024-08-01
2025-09-04 00:28:27,492 [INFO] db_helper - Cursor closed
2025-09-04 00:28:27,492 [INFO] db_helper - \U0001f512 Connection closed
2025-09-04 00:28:27,514 [INFO] db_helper - get_analytics_month called
2025-09-04 00:28:27,514 [INFO] db_helper - Attempting database connection...
2025-09-04 00:28:27,521 [INFO] db_helper - \u2705 Connection successful
2025-09-04 00:28:27,521 [INFO] db_helper - Opening cursor...
2025-09-04 00:28:27,522 [INFO] db_helper - Fetched 2 summary rows
2025-09-04 00:28:27,522 [INFO] db_helper - Cursor closed
2025-09-04 00:28:27,522 [INFO] db_helper - \U0001f512 Connection closed
2025-09-04 00:28:35,176 [INFO] db_helper - fetch_expenses_for_date called with 2024-08-01
2025-09-04 00:28:35,176 [INFO] db_helper - Attempting database connection...
2025-09-04 00:28:35,186 [INFO] db_helper - \u2705 Connection successful
2025-09-04 00:28:35,186 [INFO] db_helper - Opening cursor...
2025-09-04 00:28:35,187 [INFO] db_helper - Fetched 4 expenses for 2024-08-01
2025-09-04 00:28:35,187 [INFO] db_helper - Cursor closed
2025-09-04 00:28:35,187 [INFO] db_helper - \U0001f512 Connection closed
2025-09-04 00:28:36,790 [INFO] db_helper - fetch_expenses_for_date called with 2024-08-01
2025-09-04 00:28:36,790 [INFO] db_helper - Attempting database connection...
2025-09-04 00:28:36,798 [INFO] db_helper - \u2705 Connection successful
2025-09-04 00:28:36,798 [INFO] db_helper - Opening cursor...
2025-09-04 00:28:36,799 [INFO] db_helper - Fetched 4 expenses for 2024-08-01
2025-09-04 00:28:36,799 [INFO] db_helper - Cursor closed
2025-09-04 00:28:36,800 [INFO] db_helper - \U0001f512 Connection closed
2025-09-04 00:28:36,816 [INFO] db_helper - get_analytics_month called
2025-09-04 00:28:36,816 [INFO] db_helper - Attempting database connection...
2025-09-04 00:28:36,824 [INFO] db_helper - \u2705 Connection successful
2025-09-04 00:28:36,824 [INFO] db_helper - Opening cursor...
2025-09-04 00:28:36,825 [INFO] db_helper - Fetched 2 summary rows
2025-09-04 00:28:36,825 [INFO] db_helper - Cursor closed
2025-09-04 00:28:36,825 [INFO] db_helper - \U0001f512 Connection closed
2025-09-04 00:29:59,039 [INFO] db_helper - fetch_expenses_for_date called with 2024-08-01
2025-09-04 00:29:59,039 [INFO] db_helper - Attempting database connection...
2025-09-04 00:29:59,049 [INFO] db_helper - \u2705 Connection successful
2025-09-04 00:29:59,049 [INFO] db_helper - Opening cursor...
2025-09-04 00:29:59,051 [INFO] db_helper - Fetched 4 expenses for 2024-08-01
2025-09-04 00:29:59,052 [INFO] db_helper - Cursor closed
2025-09-04 00:29:59,052 [INFO] db_helper - \U0001f512 Connection closed
2025-09-04 00:30:00,399 [INFO] db_helper - fetch_expenses_for_date called with 2024-08-01
2025-09-04 00:30:00,399 [INFO] db_helper - Attempting database connection...
2025-09-04 00:30:00,411 [INFO] db_helper - \u2705 Connection successful
2025-09-04 00:30:00,411 [INFO] db_helper - Opening cursor...
2025-09-04 00:30:00,412 [INFO] db_helper - Fetched 4 expenses for 2024-08-01
2025-09-04 00:30:00,412 [INFO] db_helper - Cursor closed
2025-09-04 00:30:00,413 [INFO] db_helper - \U0001f512 Connection closed
2025-09-04 00:30:00,428 [INFO] db_helper - get_analytics_month called
2025-09-04 00:30:00,428 [INFO] db_helper - Attempting database connection...
2025-09-04 00:30:00,434 [INFO] db_helper - \u2705 Connection successful
2025-09-04 00:30:00,434 [INFO] db_helper - Opening cursor...
2025-09-04 00:30:00,434 [INFO] db_helper - Fetched 2 summary rows
2025-09-04 00:30:00,435 [INFO] db_helper - Cursor closed
2025-09-04 00:30:00,435 [INFO] db_helper - \U0001f512 Connection closed
2025-09-04 00:30:20,517 [INFO] db_helper - fetch_expenses_for_date called with 2024-08-01
2025-09-04 00:30:20,517 [INFO] db_helper - Attempting database connection...
2025-09-04 00:30:20,531 [INFO] db_helper - \u2705 Connection successful
2025-09-04 00:30:20,531 [INFO] db_helper - Opening cursor...
2025-09-04 00:30:20,532 [INFO] db_helper - Fetched 4 expenses for 2024-08-01
2025-09-04 00:30:20,532 [INFO] db_helper - Cursor closed
2025-09-04 00:30:20,532 [INFO] db_helper - \U0001f512 Connection closed
2025-09-04 00:30:21,646 [INFO] db_helper - fetch_expenses_for_date called with 2024-08-01
2025-09-04 00:30:21,647 [INFO] db_helper - Attempting database connection...
2025-09-04 00:30:21,659 [INFO] db_helper - \u2705 Connection successful
2025-09-04 00:30:21,659 [INFO] db_helper - Opening cursor...
2025-09-04 00:30:21,660 [INFO] db_helper - Fetched 4 expenses for 2024-08-01
2025-09-04 00:30:21,660 [INFO] db_helper - Cursor closed
2025-09-04 00:30:21,660 [INFO] db_helper - \U0001f512 Connection closed
2025-09-04 00:30:21,674 [INFO] db_helper - get_analytics_month called
2025-09-04 00:30:21,674 [INFO] db_helper - Attempting database connection...
2025-09-04 00:30:21,681 [INFO] db_helper - \u2705 Connection successful
2025-09-04 00:30:21,687 [INFO] db_helper - Opening cursor...
2025-09-04 00:30:21,688 [INFO] db_helper - Fetched 2 summary rows
2025-09-04 00:30:21,688 [INFO] db_helper - Cursor closed
2025-09-04 00:30:21,689 [INFO] db_helper - \U0001f512 Connection closed
2025-09-04 00:30:23,262 [INFO] db_helper - fetch_expenses_for_date called with 2024-08-01
2025-09-04 00:30:23,262 [INFO] db_helper - Attempting database connection...
2025-09-04 00:30:23,270 [INFO] db_helper - \u2705 Connection successful
2025-09-04 00:30:23,271 [INFO] db_helper - Opening cursor...
2025-09-04 00:30:23,272 [INFO] db_helper - Fetched 4 expenses for 2024-08-01
2025-09-04 00:30:23,272 [INFO] db_helper - Cursor closed
2025-09-04 00:30:23,272 [INFO] db_helper - \U0001f512 Connection closed
2025-09-04 00:30:23,287 [INFO] db_helper - get_analytics_month called
2025-09-04 00:30:23,287 [INFO] db_helper - Attempting database connection...
2025-09-04 00:30:23,292 [INFO] db_helper - \u2705 Connection successful
2025-09-04 00:30:23,292 [INFO] db_helper - Opening cursor...
2025-09-04 00:30:23,293 [INFO] db_helper - Fetched 2 summary rows
2025-09-04 00:30:23,293 [INFO] db_helper - Cursor closed
2025-09-04 00:30:23,293 [INFO] db_helper - \U0001f512 Connection closed
2025-09-04 00:30:56,858 [INFO] db_helper - fetch_expenses_for_date called with 2024-08-01
2025-09-04 00:30:56,858 [INFO] db_helper - Attempting database connection...
2025-09-04 00:30:56,863 [INFO] db_helper - \u2705 Connection successful
2025-09-04 00:30:56,863 [INFO] db_helper - Opening cursor...
2025-09-04 00:30:56,864 [INFO] db_helper - Fetched 4 expenses for 2024-08-01
2025-09-04 00:30:56,864 [INFO] db_helper - Cursor closed
2025-09-04 00:30:56,864 [INFO] db_helper - \U0001f512 Connection closed
2025-09-04 00:30:58,141 [INFO] db_helper - fetch_expenses_for_date called with 2024-08-01
2025-09-04 00:30:58,142 [INFO] db_helper - Attempting database connection...
2025-09-04 00:30:58,155 [INFO] db_helper - \u2705 Connection successful
2025-09-04 00:30:58,155 [INFO] db_helper - Opening cursor...
2025-09-04 00:30:58,156 [INFO] db_helper - Fetched 4 expenses for 2024-08-01
2025-09-04 00:30:58,156 [INFO] db_helper - Cursor closed
2025-09-04 00:30:58,156 [INFO] db_helper - \U0001f512 Connection closed
2025-09-04 00:30:58,170 [INFO] db_helper - get_analytics_month called
2025-09-04 00:30:58,170 [INFO] db_helper - Attempting database connection...
2025-09-04 00:30:58,179 [INFO] db_helper - \u2705 Connection successful
2025-09-04 00:30:58,179 [INFO] db_helper - Opening cursor...
2025-09-04 00:30:58,180 [INFO] db_helper - Fetched 2 summary rows
2025-09-04 00:30:58,180 [INFO] db_helper - Cursor closed
2025-09-04 00:30:58,180 [INFO] db_helper - \U0001f512 Connection closed
2025-09-04 00:31:09,567 [INFO] db_helper - fetch_expenses_for_date called with 2024-08-01
2025-09-04 00:31:09,568 [INFO] db_helper - Attempting database connection...
2025-09-04 00:31:09,578 [INFO] db_helper - \u2705 Connection successful
2025-09-04 00:31:09,578 [INFO] db_helper - Opening cursor...
2025-09-04 00:31:09,579 [INFO] db_helper - Fetched 4 expenses for 2024-08-01
2025-09-04 00:31:09,579 [INFO] db_helper - Cursor closed
2025-09-04 00:31:09,579 [INFO] db_helper - \U0001f512 Connection closed
2025-09-04 00:31:10,634 [INFO] db_helper - fetch_expenses_for_date called with 2024-08-01
2025-09-04 00:31:10,634 [INFO] db_helper - Attempting database connection...
2025-09-04 00:31:10,645 [INFO] db_helper - \u2705 Connection successful
2025-09-04 00:31:10,645 [INFO] db_helper - Opening cursor...
2025-09-04 00:31:10,647 [INFO] db_helper - Fetched 4 expenses for 2024-08-01
2025-09-04 00:31:10,647 [INFO] db_helper - Cursor closed
2025-09-04 00:31:10,648 [INFO] db_helper - \U0001f512 Connection closed
2025-09-04 00:31:10,664 [INFO] db_helper - get_analytics_month called
2025-09-04 00:31:10,664 [INFO] db_helper - Attempting database connection...
2025-09-04 00:31:10,672 [INFO] db_helper - \u2705 Connection successful
2025-09-04 00:31:10,672 [INFO] db_helper - Opening cursor...
2025-09-04 00:31:10,673 [INFO] db_helper - Fetched 2 summary rows
2025-09-04 00:31:10,673 [INFO] db_helper - Cursor closed
2025-09-04 00:31:10,673 [INFO] db_helper - \U0001f512 Connection closed
2025-09-04 00:32:13,691 [INFO] db_helper - fetch_expenses_for_date called with 2024-08-01
2025-09-04 00:32:13,691 [INFO] db_helper - Attempting database connection...
2025-09-04 00:32:13,703 [INFO] db_helper - \u2705 Connection successful
2025-09-04 00:32:13,703 [INFO] db_helper - Opening cursor...
2025-09-04 00:32:13,704 [INFO] db_helper - Fetched 4 expenses for 2024-08-01
2025-09-04 00:32:13,704 [INFO] db_helper - Cursor closed
2025-09-04 00:32:13,705 [INFO] db_helper - \U0001f512 Connection closed
2025-09-04 00:32:15,104 [INFO] db_helper - fetch_expenses_for_date called with 2024-08-01
2025-09-04 00:32:15,104 [INFO] db_helper - Attempting database connection...
2025-09-04 00:32:15,113 [INFO] db_helper - \u2705 Connection successful
2025-09-04 00:32:15,113 [INFO] db_helper - Opening cursor...
2025-09-04 00:32:15,113 [INFO] db_helper - Fetched 4 expenses for 2024-08-01
2025-09-04 00:32:15,114 [INFO] db_helper - Cursor closed
2025-09-04 00:32:15,114 [INFO] db_helper - \U0001f512 Connection closed
2025-09-04 00:32:15,130 [INFO] db_helper - get_analytics_month called
2025-09-04 00:32:15,131 [INFO] db_helper - Attempting database connection...
2025-09-04 00:32:15,139 [INFO] db_helper - \u2705 Connection successful
2025-09-04 00:32:15,139 [INFO] db_helper - Opening cursor...
2025-09-04 00:32:15,140 [INFO] db_helper - Fetched 2 summary rows
2025-09-04 00:32:15,140 [INFO] db_helper - Cursor closed
2025-09-04 00:32:15,140 [INFO] db_helper - \U0001f512 Connection closed
2025-09-04 00:35:52,070 [INFO] db_helper - fetch_expenses_for_date called with 2024-08-01
2025-09-04 00:35:52,070 [INFO] db_helper - Attempting database connection...
2025-09-04 00:35:52,078 [INFO] db_helper - \u2705 Connection successful
2025-09-04 00:35:52,079 [INFO] db_helper - Opening cursor...
2025-09-04 00:35:52,080 [INFO] db_helper - Fetched 4 expenses for 2024-08-01
2025-09-04 00:35:52,080 [INFO] db_helper - Cursor closed
2025-09-04 00:35:52,080 [INFO] db_helper - \U0001f512 Connection closed
2025-09-04 00:35:52,095 [INFO] db_helper - fetch_expense_summary called with start=2024-08-01, end=2024-08-05
2025-09-04 00:35:52,095 [INFO] db_helper - Attempting database connection...
2025-09-04 00:35:52,102 [INFO] db_helper - \u2705 Connection successful
2025-09-04 00:35:52,102 [INFO] db_helper - Opening cursor...
2025-09-04 00:35:52,103 [INFO] db_helper - Fetched 5 summary rows
2025-09-04 00:35:52,103 [INFO] db_helper - Cursor closed
2025-09-04 00:35:52,103 [INFO] db_helper - \U0001f512 Connection closed
2025-09-04 00:36:04,230 [INFO] db_helper - fetch_expenses_for_date called with 2024-08-14
2025-09-04 00:36:04,230 [INFO] db_helper - Attempting database connection...
2025-09-04 00:36:04,238 [INFO] db_helper - \u2705 Connection successful
2025-09-04 00:36:04,238 [INFO] db_helper - Opening cursor...
2025-09-04 00:36:04,240 [INFO] db_helper - Fetched 0 expenses for 2024-08-14
2025-09-04 00:36:04,240 [INFO] db_helper - Cursor closed
2025-09-04 00:36:04,240 [INFO] db_helper - \U0001f512 Connection closed
2025-09-04 00:36:55,055 [INFO] db_helper - fetch_expenses_for_date called with 2024-08-14
2025-09-04 00:36:55,055 [INFO] db_helper - Attempting database connection...
2025-09-04 00:36:55,068 [INFO] db_helper - \u2705 Connection successful
2025-09-04 00:36:55,068 [INFO] db_helper - Opening cursor...
2025-09-04 00:36:55,068 [INFO] db_helper - Fetched 0 expenses for 2024-08-14
2025-09-04 00:36:55,069 [INFO] db_helper - Cursor closed
2025-09-04 00:36:55,069 [INFO] db_helper - \U0001f512 Connection closed
2025-09-04 00:36:55,093 [INFO] db_helper - get_analytics_month called
2025-09-04 00:36:55,093 [INFO] db_helper - Attempting database connection...
2025-09-04 00:36:55,101 [INFO] db_helper - \u2705 Connection successful
2025-09-04 00:36:55,101 [INFO] db_helper - Opening cursor...
2025-09-04 00:36:55,102 [INFO] db_helper - Fetched 2 summary rows
2025-09-04 00:36:55,103 [INFO] db_helper - Cursor closed
2025-09-04 00:36:55,103 [INFO] db_helper - \U0001f512 Connection closed
2025-09-04 00:36:59,190 [INFO] db_helper - fetch_expenses_for_date called with 2024-08-14
2025-09-04 00:36:59,190 [INFO] db_helper - Attempting database connection...
2025-09-04 00:36:59,201 [INFO] db_helper - \u2705 Connection successful
2025-09-04 00:36:59,201 [INFO] db_helper - Opening cursor...
2025-09-04 00:36:59,202 [INFO] db_helper - Fetched 0 expenses for 2024-08-14
2025-09-04 00:36:59,202 [INFO] db_helper - Cursor closed
2025-09-04 00:36:59,202 [INFO] db_helper - \U0001f512 Connection closed
2025-09-04 00:36:59,215 [INFO] db_helper - delete_expense_for_date called with 2024-08-14
2025-09-04 00:36:59,215 [INFO] db_helper - Attempting database connection...
2025-09-04 00:36:59,222 [INFO] db_helper - \u2705 Connection successful
2025-09-04 00:36:59,222 [INFO] db_helper - Opening cursor...
2025-09-04 00:36:59,223 [INFO] db_helper - \u2705 All expenses for 2024-08-14 deleted successfully
2025-09-04 00:36:59,224 [INFO] db_helper - Cursor closed
2025-09-04 00:36:59,224 [INFO] db_helper - \U0001f512 Connection closed
2025-09-04 00:36:59,224 [INFO] db_helper - insert_expense called with date=2024-08-14, amount=100.0, category=Food, notes=bunch of foods
2025-09-04 00:36:59,224 [INFO] db_helper - Attempting database connection...
2025-09-04 00:36:59,233 [INFO] db_helper - \u2705 Connection successful
2025-09-04 00:36:59,233 [INFO] db_helper - Opening cursor...
2025-09-04 00:36:59,252 [INFO] db_helper - \u2705 Expense inserted successfully
2025-09-04 00:36:59,252 [INFO] db_helper - Cursor closed
2025-09-04 00:36:59,252 [INFO] db_helper - \U0001f512 Connection closed
2025-09-04 00:36:59,253 [INFO] db_helper - insert_expense called with date=2024-08-14, amount=200.0, category=Shopping, notes=TV
2025-09-04 00:36:59,253 [INFO] db_helper - Attempting database connection...
2025-09-04 00:36:59,260 [INFO] db_helper - \u2705 Connection successful
2025-09-04 00:36:59,260 [INFO] db_helper - Opening cursor...
2025-09-04 00:36:59,268 [INFO] db_helper - \u2705 Expense inserted successfully
2025-09-04 00:36:59,268 [INFO] db_helper - Cursor closed
2025-09-04 00:36:59,269 [INFO] db_helper - \U0001f512 Connection closed
2025-09-04 00:36:59,269 [INFO] db_helper - insert_expense called with date=2024-08-14, amount=1000.0, category=Rent, notes=Paid the rent
2025-09-04 00:36:59,269 [INFO] db_helper - Attempting database connection...
2025-09-04 00:36:59,282 [INFO] db_helper - \u2705 Connection successful
2025-09-04 00:36:59,282 [INFO] db_helper - Opening cursor...
2025-09-04 00:36:59,290 [INFO] db_helper - \u2705 Expense inserted successfully
2025-09-04 00:36:59,290 [INFO] db_helper - Cursor closed
2025-09-04 00:36:59,291 [INFO] db_helper - \U0001f512 Connection closed
2025-09-04 00:37:01,977 [INFO] db_helper - fetch_expenses_for_date called with 2024-08-14
2025-09-04 00:37:01,977 [INFO] db_helper - Attempting database connection...
2025-09-04 00:37:01,985 [INFO] db_helper - \u2705 Connection successful
2025-09-04 00:37:01,985 [INFO] db_helper - Opening cursor...
2025-09-04 00:37:01,986 [INFO] db_helper - Fetched 3 expenses for 2024-08-14
2025-09-04 00:37:01,986 [INFO] db_helper - Cursor closed
2025-09-04 00:37:01,986 [INFO] db_helper - \U0001f512 Connection closed
2025-09-04 00:37:02,025 [INFO] db_helper - get_analytics_month called
2025-09-04 00:37:02,025 [INFO] db_helper - Attempting database connection...
2025-09-04 00:37:02,034 [INFO] db_helper - \u2705 Connection successful
2025-09-04 00:37:02,034 [INFO] db_helper - Opening cursor...
2025-09-04 00:37:02,036 [INFO] db_helper - Fetched 2 summary rows
2025-09-04 00:37:02,036 [INFO] db_helper - Cursor closed
2025-09-04 00:37:02,037 [INFO] db_helper - \U0001f512 Connection closed
